<?xml version="1.0" encoding="UTF-8"?>
<!-- Generated by org.testng.reporters.JUnitReportReporter -->
<testsuite hostname="DESKTOP-8N0H4A2" failures="0" tests="1" name="testcases.LoginTest" time="25.153" errors="0" timestamp="2025-09-07T01:00:59 IST" skipped="0">
  <testcase classname="testcases.LoginTest" name="loginWithExcelData" time="25.153"/>
</testsuite> <!-- testcases.LoginTest -->
